2026-03-02T21:29:56Z QUEEN_START
2026-03-02T21:29:56Z ROOT C:\Users\vikke\OneDrive\bitvavo-bot_clean\ant_colony
2026-03-02T21:29:56Z WORKERS_ROOT C:\Users\vikke\OneDrive\bitvavo-bot_clean\ant_colony\workers
2026-03-02T21:29:56Z DIRS_COUNT 6
2026-03-02T21:29:56Z WORKER_BEGIN ADA-EUR
2026-03-02T21:29:56Z READ_START cb21:ADA-EUR C:\Users\vikke\OneDrive\bitvavo-bot_clean\ant_colony\workers\ADA-EUR\reports\edge3_cb21_meta.json
2026-03-02T21:29:56Z READ_DONE cb21:ADA-EUR bytes=532
2026-03-02T21:29:56Z PARSE_OK cb21:ADA-EUR
2026-03-02T21:29:56Z WORKER_DONE ADA-EUR
2026-03-02T21:29:56Z WORKER_BEGIN BNB-EUR
2026-03-02T21:29:56Z READ_START cb21:BNB-EUR C:\Users\vikke\OneDrive\bitvavo-bot_clean\ant_colony\workers\BNB-EUR\reports\edge3_cb21_meta.json
2026-03-02T21:29:56Z READ_DONE cb21:BNB-EUR bytes=532
2026-03-02T21:29:56Z PARSE_OK cb21:BNB-EUR
2026-03-02T21:29:56Z WORKER_DONE BNB-EUR
2026-03-02T21:29:56Z WORKER_BEGIN BTC-EUR
2026-03-02T21:29:56Z READ_START cb20:BTC-EUR C:\Users\vikke\OneDrive\bitvavo-bot_clean\ant_colony\workers\BTC-EUR\reports\cb20_regime.json
2026-03-02T21:29:56Z READ_DONE cb20:BTC-EUR bytes=235
2026-03-02T21:29:56Z PARSE_OK cb20:BTC-EUR
2026-03-02T21:29:56Z READ_START cb21:BTC-EUR C:\Users\vikke\OneDrive\bitvavo-bot_clean\ant_colony\workers\BTC-EUR\reports\edge3_cb21_meta.json
2026-03-02T21:29:56Z READ_DONE cb21:BTC-EUR bytes=526
2026-03-02T21:29:56Z PARSE_OK cb21:BTC-EUR
2026-03-02T21:29:56Z WORKER_DONE BTC-EUR
2026-03-02T21:29:56Z WORKER_BEGIN ETH-EUR
2026-03-02T21:29:56Z READ_START cb21:ETH-EUR C:\Users\vikke\OneDrive\bitvavo-bot_clean\ant_colony\workers\ETH-EUR\reports\edge3_cb21_meta.json
2026-03-02T21:29:56Z READ_DONE cb21:ETH-EUR bytes=532
2026-03-02T21:29:56Z PARSE_OK cb21:ETH-EUR
2026-03-02T21:29:56Z WORKER_DONE ETH-EUR
2026-03-02T21:29:56Z WORKER_BEGIN SOL-EUR
2026-03-02T21:29:56Z READ_START cb21:SOL-EUR C:\Users\vikke\OneDrive\bitvavo-bot_clean\ant_colony\workers\SOL-EUR\reports\edge3_cb21_meta.json
2026-03-02T21:29:56Z READ_DONE cb21:SOL-EUR bytes=532
2026-03-02T21:29:56Z PARSE_OK cb21:SOL-EUR
2026-03-02T21:29:56Z WORKER_DONE SOL-EUR
2026-03-02T21:29:56Z WORKER_BEGIN XRP-EUR
2026-03-02T21:29:56Z READ_START cb21:XRP-EUR C:\Users\vikke\OneDrive\bitvavo-bot_clean\ant_colony\workers\XRP-EUR\reports\edge3_cb21_meta.json
2026-03-02T21:29:56Z READ_DONE cb21:XRP-EUR bytes=532
2026-03-02T21:29:56Z PARSE_OK cb21:XRP-EUR
2026-03-02T21:29:56Z WORKER_DONE XRP-EUR
2026-03-02T21:29:56Z WRITE_TMP C:\Users\vikke\OneDrive\bitvavo-bot_clean\ant_colony\colony_status.json.tmp.24916
